<?xml version="1.0" encoding="UTF-8"?>
<!-- Generated by org.testng.reporters.JUnitReportReporter -->
<testsuite hostname="EXIPC0143" failures="0" tests="1" name="com.ex2.homluv.testcases.Check" time="232.152" errors="0" timestamp="08 Feb 2019 18:36:30 GMT" skipped="0">
  <testcase classname="com.ex2.homluv.testcases.Check" name="checking" time="232.152"/>
</testsuite> <!-- com.ex2.homluv.testcases.Check -->
