<?xml version="1.0" encoding="UTF-8"?>
<!-- Generated by org.testng.reporters.JUnitReportReporter -->
<testsuite hostname="EXIPC0143" failures="0" tests="1" name="com.ex2.homluv.testcases.Sample" time="0.006" errors="0" timestamp="08 Feb 2019 18:10:42 GMT" skipped="0">
  <testcase classname="com.ex2.homluv.testcases.Sample" name="checkingagain" time="0.006"/>
</testsuite> <!-- com.ex2.homluv.testcases.Sample -->
