<?xml version="1.0" encoding="UTF-8"?>
<!-- Generated by org.testng.reporters.JUnitReportReporter -->
<testsuite hostname="EXIPC0143" failures="0" tests="1" name="com.ex2.homluvng.utility.ApiActions" time="1.657" errors="0" timestamp="07 Feb 2019 06:47:21 GMT" skipped="0">
  <testcase classname="com.ex2.homluvng.utility.ApiActions" name="GetWeatherDetails" time="1.657"/>
</testsuite> <!-- com.ex2.homluvng.utility.ApiActions -->
