<?xml version="1.0" encoding="UTF-8"?>
<!-- Generated by org.testng.reporters.JUnitReportReporter -->
<testsuite hostname="EXIPC0143" failures="0" tests="1" name="com.ex2.homluvng.api.NLCpage_api" time="2.865" errors="0" timestamp="07 Feb 2019 11:11:46 GMT" skipped="0">
  <testcase classname="com.ex2.homluvng.api.NLCpage_api" name="checking" time="2.865"/>
</testsuite> <!-- com.ex2.homluvng.api.NLCpage_api -->
